<?xml version="1.0" encoding="UTF-8"?>
<!-- Generated by org.testng.reporters.JUnitReportReporter -->
<testsuite skipped="0" hostname="DESKTOP-S8URFOI" name="com.example.easynotes.test.TestData" tests="2" failures="0" timestamp="19 Feb 2018 17:47:42 GMT" time="0.199" errors="2">
  <testcase name="getBody" time="0.199" classname="com.example.easynotes.test.TestData">
    <error type="java.lang.NoClassDefFoundError" message="org/apache/http/HttpRequest">
      <![CDATA[java.lang.NoClassDefFoundError: org/apache/http/HttpRequest
at java.lang.ClassLoader.defineClass1(Native Method)
at java.lang.ClassLoader.defineClass(ClassLoader.java:763)
at java.security.SecureClassLoader.defineClass(SecureClassLoader.java:142)
at java.net.URLClassLoader.defineClass(URLClassLoader.java:467)
at java.net.URLClassLoader.access$100(URLClassLoader.java:73)
at java.net.URLClassLoader$1.run(URLClassLoader.java:368)
at java.net.URLClassLoader$1.run(URLClassLoader.java:362)
at java.security.AccessController.doPrivileged(Native Method)
at java.net.URLClassLoader.findClass(URLClassLoader.java:361)
at java.lang.ClassLoader.loadClass(ClassLoader.java:424)
at sun.misc.Launcher$AppClassLoader.loadClass(Launcher.java:338)
at java.lang.ClassLoader.loadClass(ClassLoader.java:357)
at java.lang.ClassLoader.defineClass1(Native Method)
at java.lang.ClassLoader.defineClass(ClassLoader.java:763)
at java.security.SecureClassLoader.defineClass(SecureClassLoader.java:142)
at java.net.URLClassLoader.defineClass(URLClassLoader.java:467)
at java.net.URLClassLoader.access$100(URLClassLoader.java:73)
at java.net.URLClassLoader$1.run(URLClassLoader.java:368)
at java.net.URLClassLoader$1.run(URLClassLoader.java:362)
at java.security.AccessController.doPrivileged(Native Method)
at java.net.URLClassLoader.findClass(URLClassLoader.java:361)
at java.lang.ClassLoader.loadClass(ClassLoader.java:424)
at sun.misc.Launcher$AppClassLoader.loadClass(Launcher.java:338)
at java.lang.ClassLoader.loadClass(ClassLoader.java:357)
at java.lang.Class.getDeclaredMethods0(Native Method)
at java.lang.Class.privateGetDeclaredMethods(Class.java:2701)
at java.lang.Class.getDeclaredMethods(Class.java:1975)
at org.codehaus.groovy.reflection.stdclasses.CachedSAMClass$1.run(CachedSAMClass.java:104)
at org.codehaus.groovy.reflection.stdclasses.CachedSAMClass$1.run(CachedSAMClass.java:102)
at java.security.AccessController.doPrivileged(Native Method)
at org.codehaus.groovy.reflection.stdclasses.CachedSAMClass.getDeclaredMethods(CachedSAMClass.java:102)
at org.codehaus.groovy.reflection.stdclasses.CachedSAMClass.getAbstractMethods(CachedSAMClass.java:120)
at org.codehaus.groovy.reflection.stdclasses.CachedSAMClass.getSAMMethod(CachedSAMClass.java:186)
at org.codehaus.groovy.reflection.ClassInfo.isSAM(ClassInfo.java:359)
at org.codehaus.groovy.reflection.ClassInfo.createCachedClass(ClassInfo.java:349)
at org.codehaus.groovy.reflection.ClassInfo.access$700(ClassInfo.java:41)
at org.codehaus.groovy.reflection.ClassInfo$LazyCachedClassRef.initValue(ClassInfo.java:497)
at org.codehaus.groovy.reflection.ClassInfo$LazyCachedClassRef.initValue(ClassInfo.java:488)
at org.codehaus.groovy.util.LazyReference.getLocked(LazyReference.java:49)
at org.codehaus.groovy.util.LazyReference.get(LazyReference.java:36)
at org.codehaus.groovy.reflection.ClassInfo.getCachedClass(ClassInfo.java:111)
at org.codehaus.groovy.reflection.ReflectionCache.getCachedClass(ReflectionCache.java:110)
at org.codehaus.groovy.reflection.ParameterTypes.getParametersTypes0(ParameterTypes.java:81)
at org.codehaus.groovy.reflection.ParameterTypes.getParameterTypes(ParameterTypes.java:67)
at org.codehaus.groovy.runtime.metaclass.MetaMethodIndex.isMatchingMethod(MetaMethodIndex.java:453)
at org.codehaus.groovy.runtime.metaclass.MetaMethodIndex.addMethodToList(MetaMethodIndex.java:378)
at groovy.lang.MetaClassImpl.addMetaMethodToIndex(MetaClassImpl.java:2953)
at groovy.lang.MetaClassImpl.populateMethods(MetaClassImpl.java:396)
at groovy.lang.MetaClassImpl.fillMethodIndex(MetaClassImpl.java:344)
at groovy.lang.MetaClassImpl.initialize(MetaClassImpl.java:3264)
at org.codehaus.groovy.reflection.ClassInfo.getMetaClassUnderLock(ClassInfo.java:254)
at org.codehaus.groovy.reflection.ClassInfo.getMetaClass(ClassInfo.java:285)
at io.restassured.authentication.NoAuthScheme.$getStaticMetaClass(NoAuthScheme.groovy)
at io.restassured.authentication.NoAuthScheme.<init>(NoAuthScheme.groovy)
at io.restassured.RestAssured.<clinit>(RestAssured.java:353)
at com.example.easynotes.test.TestData.getBody(TestData.java:32)
at sun.reflect.NativeMethodAccessorImpl.invoke0(Native Method)
at sun.reflect.NativeMethodAccessorImpl.invoke(NativeMethodAccessorImpl.java:62)
at sun.reflect.DelegatingMethodAccessorImpl.invoke(DelegatingMethodAccessorImpl.java:43)
at java.lang.reflect.Method.invoke(Method.java:498)
at org.testng.internal.MethodInvocationHelper.invokeMethod(MethodInvocationHelper.java:124)
at org.testng.internal.Invoker.invokeMethod(Invoker.java:580)
at org.testng.internal.Invoker.invokeTestMethod(Invoker.java:716)
at org.testng.internal.Invoker.invokeTestMethods(Invoker.java:988)
at org.testng.internal.TestMethodWorker.invokeTestMethods(TestMethodWorker.java:125)
at org.testng.internal.TestMethodWorker.run(TestMethodWorker.java:109)
at org.testng.TestRunner.privateRun(TestRunner.java:648)
at org.testng.TestRunner.run(TestRunner.java:505)
at org.testng.SuiteRunner.runTest(SuiteRunner.java:455)
at org.testng.SuiteRunner.runSequentially(SuiteRunner.java:450)
at org.testng.SuiteRunner.privateRun(SuiteRunner.java:415)
at org.testng.SuiteRunner.run(SuiteRunner.java:364)
at org.testng.SuiteRunnerWorker.runSuite(SuiteRunnerWorker.java:52)
at org.testng.SuiteRunnerWorker.run(SuiteRunnerWorker.java:84)
at org.testng.TestNG.runSuitesSequentially(TestNG.java:1208)
at org.testng.TestNG.runSuitesLocally(TestNG.java:1137)
at org.testng.TestNG.runSuites(TestNG.java:1049)
at org.testng.TestNG.run(TestNG.java:1017)
at org.testng.remote.AbstractRemoteTestNG.run(AbstractRemoteTestNG.java:114)
at org.testng.remote.RemoteTestNG.initAndRun(RemoteTestNG.java:251)
at org.testng.remote.RemoteTestNG.main(RemoteTestNG.java:77)
Caused by: java.lang.ClassNotFoundException: org.apache.http.HttpRequest
at java.net.URLClassLoader.findClass(URLClassLoader.java:381)
at java.lang.ClassLoader.loadClass(ClassLoader.java:424)
at sun.misc.Launcher$AppClassLoader.loadClass(Launcher.java:338)
at java.lang.ClassLoader.loadClass(ClassLoader.java:357)
... 81 more
]]>
    </error>
  </testcase> <!-- getBody -->
  <testcase name="getStatusCode" time="0.000" classname="com.example.easynotes.test.TestData">
    <error type="java.lang.NoClassDefFoundError" message="Could not initialize class io.restassured.RestAssured">
      <![CDATA[java.lang.NoClassDefFoundError: Could not initialize class io.restassured.RestAssured
at com.example.easynotes.test.TestData.getStatusCode(TestData.java:16)
at sun.reflect.NativeMethodAccessorImpl.invoke0(Native Method)
at sun.reflect.NativeMethodAccessorImpl.invoke(NativeMethodAccessorImpl.java:62)
at sun.reflect.DelegatingMethodAccessorImpl.invoke(DelegatingMethodAccessorImpl.java:43)
at java.lang.reflect.Method.invoke(Method.java:498)
at org.testng.internal.MethodInvocationHelper.invokeMethod(MethodInvocationHelper.java:124)
at org.testng.internal.Invoker.invokeMethod(Invoker.java:580)
at org.testng.internal.Invoker.invokeTestMethod(Invoker.java:716)
at org.testng.internal.Invoker.invokeTestMethods(Invoker.java:988)
at org.testng.internal.TestMethodWorker.invokeTestMethods(TestMethodWorker.java:125)
at org.testng.internal.TestMethodWorker.run(TestMethodWorker.java:109)
at org.testng.TestRunner.privateRun(TestRunner.java:648)
at org.testng.TestRunner.run(TestRunner.java:505)
at org.testng.SuiteRunner.runTest(SuiteRunner.java:455)
at org.testng.SuiteRunner.runSequentially(SuiteRunner.java:450)
at org.testng.SuiteRunner.privateRun(SuiteRunner.java:415)
at org.testng.SuiteRunner.run(SuiteRunner.java:364)
at org.testng.SuiteRunnerWorker.runSuite(SuiteRunnerWorker.java:52)
at org.testng.SuiteRunnerWorker.run(SuiteRunnerWorker.java:84)
at org.testng.TestNG.runSuitesSequentially(TestNG.java:1208)
at org.testng.TestNG.runSuitesLocally(TestNG.java:1137)
at org.testng.TestNG.runSuites(TestNG.java:1049)
at org.testng.TestNG.run(TestNG.java:1017)
at org.testng.remote.AbstractRemoteTestNG.run(AbstractRemoteTestNG.java:114)
at org.testng.remote.RemoteTestNG.initAndRun(RemoteTestNG.java:251)
at org.testng.remote.RemoteTestNG.main(RemoteTestNG.java:77)
]]>
    </error>
  </testcase> <!-- getStatusCode -->
</testsuite> <!-- com.example.easynotes.test.TestData -->
